<?xml version="1.0" encoding="UTF-8"?>
<testsuite name="test.LoginTest" tests="1" skipped="0" failures="0" errors="0" timestamp="2021-07-14T10:01:41" hostname="VAIO" time="0.003">
  <properties/>
  <testcase name="LoginTest" classname="test.LoginTest" time="0.003"/>
  <system-out><![CDATA[]]></system-out>
  <system-err><![CDATA[Starting ChromeDriver 91.0.4472.101 (af52a90bf87030dd1523486a1cd3ae25c5d76c9b-refs/branch-heads/4472@{#1462}) on port 10428
Only local connections are allowed.
Please see https://chromedriver.chromium.org/security-considerations for suggestions on keeping ChromeDriver safe.
ChromeDriver was started successfully.
Jul 14, 2021 1:01:28 PM org.openqa.selenium.remote.ProtocolHandshake createSession
INFO: Detected dialect: W3C
]]></system-err>
</testsuite>
